Determining if the pthread_create exist failed with the following output:
Change Dir: /home/zhaoyin/workspace/cifar/cifar_test/build/CMakeFiles/CMakeTmp

Run Build Command:/usr/bin/make "cmTryCompileExec2974396058/fast"
/usr/bin/make -f CMakeFiles/cmTryCompileExec2974396058.dir/build.make CMakeFiles/cmTryCompileExec2974396058.dir/build
make[1]: Entering directory `/home/zhaoyin/workspace/cifar/cifar_test/build/CMakeFiles/CMakeTmp'
/usr/bin/cmake -E cmake_progress_report /home/zhaoyin/workspace/cifar/cifar_test/build/CMakeFiles/CMakeTmp/CMakeFiles 1
Building C object CMakeFiles/cmTryCompileExec2974396058.dir/CheckSymbolExists.c.o
/usr/bin/cc    -o CMakeFiles/cmTryCompileExec2974396058.dir/CheckSymbolExists.c.o   -c /home/zhaoyin/workspace/cifar/cifar_test/build/CMakeFiles/CMakeTmp/CheckSymbolExists.c
Linking C executable cmTryCompileExec2974396058
/usr/bin/cmake -E cmake_link_script CMakeFiles/cmTryCompileExec2974396058.dir/link.txt --verbose=1
/usr/bin/cc       CMakeFiles/cmTryCompileExec2974396058.dir/CheckSymbolExists.c.o  -o cmTryCompileExec2974396058 -rdynamic 
CMakeFiles/cmTryCompileExec2974396058.dir/CheckSymbolExists.c.o: In function `main':
CheckSymbolExists.c:(.text+0x16): undefined reference to `pthread_create'
collect2: error: ld returned 1 exit status
make[1]: Leaving directory `/home/zhaoyin/workspace/cifar/cifar_test/build/CMakeFiles/CMakeTmp'
make[1]: *** [cmTryCompileExec2974396058] Error 1
make: *** [cmTryCompileExec2974396058/fast] Error 2

File /home/zhaoyin/workspace/cifar/cifar_test/build/CMakeFiles/CMakeTmp/CheckSymbolExists.c:
/* */
#include <pthread.h>

int main(int argc, char** argv)
{
  (void)argv;
#ifndef pthread_create
  return ((int*)(&pthread_create))[argc];
#else
  (void)argc;
  return 0;
#endif
}

Determining if the function pthread_create exists in the pthreads failed with the following output:
Change Dir: /home/zhaoyin/workspace/cifar/cifar_test/build/CMakeFiles/CMakeTmp

Run Build Command:/usr/bin/make "cmTryCompileExec526061254/fast"
/usr/bin/make -f CMakeFiles/cmTryCompileExec526061254.dir/build.make CMakeFiles/cmTryCompileExec526061254.dir/build
make[1]: Entering directory `/home/zhaoyin/workspace/cifar/cifar_test/build/CMakeFiles/CMakeTmp'
/usr/bin/cmake -E cmake_progress_report /home/zhaoyin/workspace/cifar/cifar_test/build/CMakeFiles/CMakeTmp/CMakeFiles 1
Building C object CMakeFiles/cmTryCompileExec526061254.dir/CheckFunctionExists.c.o
/usr/bin/cc   -DCHECK_FUNCTION_EXISTS=pthread_create   -o CMakeFiles/cmTryCompileExec526061254.dir/CheckFunctionExists.c.o   -c /usr/share/cmake-2.8/Modules/CheckFunctionExists.c
Linking C executable cmTryCompileExec526061254
/usr/bin/cmake -E cmake_link_script CMakeFiles/cmTryCompileExec526061254.dir/link.txt --verbose=1
/usr/bin/cc   -DCHECK_FUNCTION_EXISTS=pthread_create    CMakeFiles/cmTryCompileExec526061254.dir/CheckFunctionExists.c.o  -o cmTryCompileExec526061254 -rdynamic -lpthreads 
/usr/bin/ld: cannot find -lpthreads
collect2: error: ld returned 1 exit status
make[1]: *** [cmTryCompileExec526061254] Error 1
make[1]: Leaving directory `/home/zhaoyin/workspace/cifar/cifar_test/build/CMakeFiles/CMakeTmp'
make: *** [cmTryCompileExec526061254/fast] Error 2


